2022-04-02 15:07:19:   <-- GET /api/users/login_test
2022-04-02 15:07:19: GET /api/users/login_test - 3ms
2022-04-02 15:07:19:   --> GET /api/users/login_test 200 16ms 38b
2022-04-02 15:07:22:   <-- POST /api/blog/list
2022-04-02 15:07:22: POST /api/blog/list - 3ms
2022-04-02 15:07:22:   --> POST /api/blog/list 200 6ms 33b
2022-04-02 15:07:27:   <-- POST /api/users/login
2022-04-02 15:07:27: anyway登录成功！--- 1648883247861
2022-04-02 15:07:27: POST /api/users/login - 19ms
2022-04-02 15:07:27:   --> POST /api/users/login 200 20ms 168b
2022-04-02 15:07:30:   <-- GET /api/users/login_test
2022-04-02 15:07:30: GET /api/users/login_test - 5ms
2022-04-02 15:07:30:   --> GET /api/users/login_test 200 12ms 32b
2022-04-02 15:07:32:   <-- POST /api/users/logout
2022-04-02 15:07:32: POST /api/users/logout - 8ms
2022-04-02 15:07:32:   --> POST /api/users/logout 404 13ms -
2022-04-02 15:07:34:   <-- POST /api/users/login
2022-04-02 15:07:35: anyway登录成功！--- 1648883254996
2022-04-02 15:07:35: POST /api/users/login - 25ms
2022-04-02 15:07:35:   --> POST /api/users/login 200 26ms 168b
2022-04-02 15:07:37:   <-- GET /api/users/login_test
2022-04-02 15:07:37: GET /api/users/login_test - 2ms
2022-04-02 15:07:37:   --> GET /api/users/login_test 200 8ms 32b
2022-04-02 15:07:59:   <-- GET /api/users/login_test
2022-04-02 15:07:59: GET /api/users/login_test - 3ms
2022-04-02 15:07:59:   --> GET /api/users/login_test 200 7ms 38b
2022-04-02 15:08:14:   <-- GET /api/random/text
2022-04-02 15:08:14: GET /api/random/text - 18ms
2022-04-02 15:08:14:   --> GET /api/random/text 200 22ms 155b
2022-04-02 15:08:53:   <-- POST /api/blog/list
2022-04-02 15:08:53: POST /api/blog/list - 7ms
2022-04-02 15:08:53:   --> POST /api/blog/list 200 10ms 33b
2022-04-02 15:08:55:   <-- POST /api/blog/update
2022-04-02 15:08:55: POST /api/blog/update - 4ms
2022-04-02 15:08:55:   --> POST /api/blog/update 200 7ms 33b
2022-04-02 15:17:06:   <-- GET /api/random/text
2022-04-02 15:17:07: GET /api/random/text - 17ms
2022-04-02 15:17:07:   --> GET /api/random/text 200 33ms 126b
2022-04-02 15:24:46:   <-- GET /api/random/text
2022-04-02 15:24:46: GET /api/random/text - 21ms
2022-04-02 15:24:46:   --> GET /api/random/text 200 33ms 114b
2022-04-02 18:38:01:   <-- GET /api/blog/detail?id=9
2022-04-02 18:38:01: PostmanRuntime/7.29.0
2022-04-02 18:38:01: GET /api/blog/detail?id=9 - 24ms
2022-04-02 18:38:01:   --> GET /api/blog/detail?id=9 200 34ms 185b
2022-04-02 18:38:18:   <-- GET /api/blog/detail?id=9
2022-04-02 18:38:18: PostmanRuntime/7.29.0
2022-04-02 18:38:18: GET /api/blog/detail?id=9 - 15ms
2022-04-02 18:38:18:   --> GET /api/blog/detail?id=9 200 18ms 185b
2022-04-02 18:38:34:   <-- GET /api/users/login_test
2022-04-02 18:38:34: GET /api/users/login_test - 0ms
2022-04-02 18:38:34:   --> GET /api/users/login_test 200 2ms 38b
2022-04-02 18:38:35:   <-- GET /api/users/login_test
2022-04-02 18:38:35: GET /api/users/login_test - 0ms
2022-04-02 18:38:35:   --> GET /api/users/login_test 200 3ms 38b
